<?xml version="1.0" encoding="UTF-8"?>
<!-- Generated by org.testng.reporters.JUnitReportReporter -->
<testsuite hostname="DESKTOP-C4S7J6S" failures="0" tests="1" name="allpackages_testNG.Kite_test_class" time="7.751" errors="0" timestamp="2022-08-10T01:03:50 IST" skipped="0">
  <testcase classname="allpackages_testNG.Kite_test_class" name="mymethod" time="7.751"/>
  <system-out>
    <![CDATA[expected & actual id validated successfully]]>
  </system-out>
</testsuite> <!-- allpackages_testNG.Kite_test_class -->
