<?xml version="1.0" encoding="UTF-8"?>
<!-- Generated by org.testng.reporters.JUnitReportReporter -->
<testsuite hostname="DESKTOP-C4S7J6S" failures="0" tests="1" name="allpackages_testNG.Kite_test_class2" time="5.927" errors="0" timestamp="2022-08-10T01:55:27 IST" skipped="0">
  <testcase classname="allpackages_testNG.Kite_test_class2" name="mymethod" time="5.927"/>
  <system-out>
    <![CDATA[TC Execution is startedmymethod
expected & actual id validated successfully
TC Execution is successfulmymethod]]>
  </system-out>
</testsuite> <!-- allpackages_testNG.Kite_test_class2 -->
